<?xml version="1.0" encoding="UTF-8"?>
<!-- Generated by org.testng.reporters.JUnitReportReporter -->
<testsuite hostname="Mr-Reaper" failures="0" tests="1" name="tec.bd.AppTest" time="0.006" errors="0" timestamp="2023-08-12T03:26:45 CST" skipped="0">
  <testcase classname="tec.bd.AppTest" name="shouldAnswerWithTrue" time="0.006"/>
  <system-out/>
</testsuite> <!-- tec.bd.AppTest -->
